<?xml version="1.0" encoding="UTF-8"?>
<!-- Generated by org.testng.reporters.JUnitReportReporter -->
<testsuite skipped="0" hostname="TM-PC" name="com.TestCases.Tc_02_VerifyEmailAddress" tests="1" failures="0" timestamp="30 Mar 2006 20:59:19 GMT" time="32.857" errors="0">
  <testcase name="VerifyEmailAddress" time="32.857" classname="com.TestCases.Tc_02_VerifyEmailAddress"/>
</testsuite> <!-- com.TestCases.Tc_02_VerifyEmailAddress -->
