<?xml version="1.0" encoding="UTF-8"?>
<!-- Generated by org.testng.reporters.JUnitReportReporter -->
<testsuite skipped="0" hostname="TM-PC" name="com.TestCases.TC_03_VerifyHeaders" tests="1" failures="0" timestamp="30 Mar 2006 18:49:02 GMT" time="24.558" errors="0">
  <testcase name="TC_VerifyHeaders" time="24.558" classname="com.TestCases.TC_03_VerifyHeaders"/>
</testsuite> <!-- com.TestCases.TC_03_VerifyHeaders -->
