<?xml version="1.0" encoding="UTF-8"?>
<!-- Generated by org.testng.reporters.JUnitReportReporter -->
<testsuite skipped="0" hostname="TM-PC" name="com.TestCases.TC_04_VerifyEmailBoxColor" tests="1" failures="0" timestamp="20 Jul 2018 07:42:20 GMT" time="24.413" errors="0">
  <testcase name="VerifyEmailBoxColor" time="24.413" classname="com.TestCases.TC_04_VerifyEmailBoxColor"/>
</testsuite> <!-- com.TestCases.TC_04_VerifyEmailBoxColor -->
