<?xml version="1.0" encoding="UTF-8"?>
<!-- Generated by org.testng.reporters.JUnitReportReporter -->
<testsuite skipped="0" hostname="TM-PC" name="com.TestCases.TC_06_MyStoreFilterValidations" tests="1" failures="0" timestamp="26 Jul 2018 07:01:07 GMT" time="35.410" errors="0">
  <testcase name="MyStoreFilterValidations" time="35.410" classname="com.TestCases.TC_06_MyStoreFilterValidations"/>
</testsuite> <!-- com.TestCases.TC_06_MyStoreFilterValidations -->
