<?xml version="1.0" encoding="UTF-8"?>
<!-- Generated by org.testng.reporters.JUnitReportReporter -->
<testsuite skipped="0" hostname="TM-PC" name="com.TestCases.Test" tests="1" failures="0" timestamp="23 Jul 2018 05:57:40 GMT" time="1.944" errors="0">
  <testcase name="TEst1" time="1.944" classname="com.TestCases.Test"/>
</testsuite> <!-- com.TestCases.Test -->
