<?xml version="1.0" encoding="UTF-8"?>
<!-- Generated by org.testng.reporters.JUnitReportReporter -->
<testsuite skipped="0" hostname="TM-PC" name="com.TestCases.TC_05_NewUserRegistration" tests="1" failures="0" timestamp="24 Jul 2018 06:09:34 GMT" time="33.950" errors="0">
  <testcase name="NewUser_Registration" time="33.950" classname="com.TestCases.TC_05_NewUserRegistration"/>
</testsuite> <!-- com.TestCases.TC_05_NewUserRegistration -->
